<?xml version="1.0" encoding="UTF-8"?>
<testsuite name="Git Hub" tests="1" skipped="0" failures="0" errors="0" timestamp="2021-08-12T01:54:28" hostname="LAPTOP-HUG7EAMC" time="2.754">
  <properties/>
  <testcase name="Get last Git Hub Release" classname="Git Hub" time="2.754"/>
  <system-out><![CDATA[]]></system-out>
  <system-err><![CDATA[]]></system-err>
</testsuite>
